<?xml version="1.0" encoding="UTF-8"?>
<!-- Generated by org.testng.reporters.JUnitXMLReporter -->
<testsuite hostname="pckjagla" name="Surefire test" tests="8" failures="0" timestamp="3 Oct 2016 09:55:33 GMT" time="1.73" errors="0">
  <testcase name="startWebdriver" time="1.586" classname="pack2.NgWebTest"/>
  <testcase name="testMethodOne" time="0.001" classname="pack2.NgWebTest"/>
  <testcase name="testMethodTwo" time="0.0" classname="pack2.NgWebTest"/>
  <testcase name="verifyTitle" time="0.117" classname="pack2.NgWebTest"/>
  <testcase name="testMethodFour" time="0.0" classname="pack2.NgWebTest"/>
  <testcase name="testMethodFive" time="0.0" classname="pack2.NgWebTest"/>
  <testcase name="testMethodSix" time="0.0" classname="pack2.NgWebTest"/>
  <testcase name="testMethodThree" time="0.001" classname="pack2.NgWebTest"/>
</testsuite> <!-- Surefire test -->
