<?xml version="1.0" encoding="UTF-8"?>
<testng-results skipped="0" failed="0" total="8" passed="8">
  <reporter-output>
  </reporter-output>
  <suite name="Surefire suite" duration-ms="1730" started-at="2016-10-03T09:55:32Z" finished-at="2016-10-03T09:55:33Z">
    <groups>
    </groups>
    <test name="Surefire test" duration-ms="1730" started-at="2016-10-03T09:55:32Z" finished-at="2016-10-03T09:55:33Z">
      <class name="pack2.NgWebTest">
        <test-method status="PASS" signature="startWebdriver()[pri:0, instance:pack2.NgWebTest@48e1f6c7]" name="startWebdriver" duration-ms="1586" started-at="2016-10-03T11:55:32Z" finished-at="2016-10-03T11:55:33Z">
          <reporter-output>
          </reporter-output>
        </test-method> <!-- startWebdriver -->
        <test-method status="PASS" signature="testMethodOne()[pri:0, instance:pack2.NgWebTest@48e1f6c7]" name="testMethodOne" duration-ms="1" started-at="2016-10-03T11:55:33Z" finished-at="2016-10-03T11:55:33Z">
          <reporter-output>
          </reporter-output>
        </test-method> <!-- testMethodOne -->
        <test-method status="PASS" signature="testMethodTwo()[pri:0, instance:pack2.NgWebTest@48e1f6c7]" name="testMethodTwo" duration-ms="0" started-at="2016-10-03T11:55:33Z" finished-at="2016-10-03T11:55:33Z">
          <reporter-output>
          </reporter-output>
        </test-method> <!-- testMethodTwo -->
        <test-method status="PASS" signature="verifyTitle()[pri:0, instance:pack2.NgWebTest@48e1f6c7]" name="verifyTitle" duration-ms="117" started-at="2016-10-03T11:55:33Z" finished-at="2016-10-03T11:55:33Z">
          <reporter-output>
          </reporter-output>
        </test-method> <!-- verifyTitle -->
        <test-method status="PASS" signature="testMethodFour()[pri:0, instance:pack2.NgWebTest@48e1f6c7]" name="testMethodFour" duration-ms="0" started-at="2016-10-03T11:55:33Z" finished-at="2016-10-03T11:55:33Z">
          <reporter-output>
          </reporter-output>
        </test-method> <!-- testMethodFour -->
        <test-method status="PASS" signature="testMethodFive()[pri:0, instance:pack2.NgWebTest@48e1f6c7]" name="testMethodFive" duration-ms="0" started-at="2016-10-03T11:55:33Z" finished-at="2016-10-03T11:55:33Z">
          <reporter-output>
          </reporter-output>
        </test-method> <!-- testMethodFive -->
        <test-method status="PASS" signature="testMethodSix()[pri:0, instance:pack2.NgWebTest@48e1f6c7]" name="testMethodSix" duration-ms="0" started-at="2016-10-03T11:55:33Z" finished-at="2016-10-03T11:55:33Z">
          <reporter-output>
          </reporter-output>
        </test-method> <!-- testMethodSix -->
        <test-method status="PASS" signature="testMethodThree()[pri:0, instance:pack2.NgWebTest@48e1f6c7]" name="testMethodThree" duration-ms="1" started-at="2016-10-03T11:55:33Z" depends-on-methods="pack2.NgWebTest.testMethodTwo" finished-at="2016-10-03T11:55:33Z">
          <reporter-output>
          </reporter-output>
        </test-method> <!-- testMethodThree -->
      </class> <!-- pack2.NgWebTest -->
    </test> <!-- Surefire test -->
  </suite> <!-- Surefire suite -->
</testng-results>
