<?xml version="1.0" encoding="UTF-8"?>
<testsuite name="pack2.NgWebTest" time="1.702" tests="8" errors="0" skipped="0" failures="0">
  <properties>
[...]
</properties>
  <testcase name="startWebdriver" classname="pack2.NgWebTest" time="1.586"/>
  <testcase name="testMethodOne" classname="pack2.NgWebTest" time="0"/>
  <testcase name="testMethodTwo" classname="pack2.NgWebTest" time="0.005"/>
  <testcase name="verifyTitle" classname="pack2.NgWebTest" time="0.111"/>
  <testcase name="testMethodFour" classname="pack2.NgWebTest" time="0"/>
  <testcase name="testMethodFive" classname="pack2.NgWebTest" time="0"/>
  <testcase name="testMethodSix" classname="pack2.NgWebTest" time="0"/>
  <testcase name="testMethodThree" classname="pack2.NgWebTest" time="0"/>
</testsuite>